<?xml version="1.0" encoding="UTF-8"?>
<!-- Generated by org.testng.reporters.JUnitReportReporter -->
<testsuite hostname="LTIN593252" failures="0" tests="2" name="test_ng_practice.Contact" time="0.634" errors="0" timestamp="2025-05-07T13:40:56 IST" skipped="0">
  <testcase classname="test_ng_practice.Contact" name="PassValues" time="0.598"/>
  <system-out/>
  <testcase classname="test_ng_practice.Contact" name="getValues" time="0.036"/>
  <system-out/>
</testsuite> <!-- test_ng_practice.Contact -->
