<?xml version="1.0" encoding="UTF-8"?>
<!-- Generated by org.testng.reporters.JUnitReportReporter -->
<testsuite hostname="LTIN593252" failures="0" tests="2" name="test_ng_practice.Handson_2_Amazon_Automation" time="6.452" errors="0" timestamp="2025-05-06T14:12:39 IST" skipped="0">
  <testcase classname="test_ng_practice.Handson_2_Amazon_Automation" name="test12FilterByBrand" time="3.362"/>
  <system-out/>
  <testcase classname="test_ng_practice.Handson_2_Amazon_Automation" name="test11Search" time="3.090"/>
  <system-out/>
</testsuite> <!-- test_ng_practice.Handson_2_Amazon_Automation -->
