<?xml version="1.0" encoding="UTF-8"?>
<!-- Generated by org.testng.reporters.JUnitReportReporter -->
<testsuite hostname="LTIN593252" failures="0" tests="2" name="practise.Contact" time="0.658" errors="0" timestamp="2025-05-07T13:56:26 IST" skipped="0">
  <testcase classname="practise.Contact" name="PassValues" time="0.611"/>
  <system-out/>
  <testcase classname="practise.Contact" name="getValues" time="0.047"/>
  <system-out/>
</testsuite> <!-- practise.Contact -->
