<?xml version="1.0" encoding="UTF-8"?>
<!-- Generated by org.testng.reporters.JUnitReportReporter -->
<testsuite hostname="LTIN593252" failures="0" tests="3" name="test_ng_practice.Basic_TEST_NG" time="0.004" errors="0" timestamp="2025-05-07T13:40:56 IST" skipped="0">
  <testcase classname="test_ng_practice.Basic_TEST_NG" name="openApp" time="0.001"/>
  <system-out/>
  <testcase classname="test_ng_practice.Basic_TEST_NG" name="clickSubmit" time="0.001"/>
  <system-out/>
  <testcase classname="test_ng_practice.Basic_TEST_NG" name="closeApplication" time="0.002"/>
  <system-out/>
</testsuite> <!-- test_ng_practice.Basic_TEST_NG -->
