<?xml version="1.0" encoding="UTF-8"?>
<!-- Generated by org.testng.reporters.JUnitReportReporter -->
<testsuite hostname="LTIN593252" failures="0" tests="1" name="amazon.VerifyCart" time="7.306" errors="0" timestamp="2025-05-08T09:08:27 IST" skipped="0">
  <testcase classname="amazon.VerifyCart" name="VerifyTheProd" time="7.306"/>
  <system-out/>
</testsuite> <!-- amazon.VerifyCart -->
